<?xml version="1.0" encoding="UTF-8"?>
<!-- Generated by org.testng.reporters.JUnitXMLReporter -->
<testsuite ignored="1" hostname="DESKTOP-L12NGQ4" failures="0" tests="6" name="Default test" time="27.137" errors="0" timestamp="03 Apr 2023 05:37:06 GMT">
  <testcase classname="module1.NewTest" name="Login" time="6.185"/>
  <testcase classname="module1.NewTest" name="Login" time="2.121"/>
  <testcase classname="module1.NewTest" name="Login" time="2.564"/>
  <testcase classname="module1.NewTest" name="Login" time="2.191"/>
  <testcase classname="module1.NewTest" name="Login" time="2.198"/>
  <testcase classname="module1.NewTest" name="Login" time="2.586"/>
  <testcase classname="module1.NewTest" name="Registration" time="0.0">
    <ignored/>
  </testcase> <!-- Registration -->
</testsuite> <!-- Default test -->
